<?xml version="1.0" encoding="UTF-8"?>
<!-- Generated by org.testng.reporters.JUnitXMLReporter -->
<testsuite ignored="2" hostname="LAPTOP-0V5CLLUB" failures="0" tests="2" name="ChromeTest" time="0.058" errors="0" timestamp="2024-11-07T15:56:46 IST">
  <testcase classname="com.Ecommerce.InstaSnap.ProductTest.VerifyElectronicProduct" name="createproduct" time="0.007"/>
  <testcase classname="com.Ecommerce.InstaSnap.ProductTest.VerifyKidsProduct" name="createproduct" time="0.002"/>
  <testcase classname="com.Ecommerce.InstaSnap.ProductTest.VerifyElectronicProduct" name="updateproduct" time="0.0">
    <ignored/>
  </testcase> <!-- updateproduct -->
  <testcase classname="com.Ecommerce.InstaSnap.ProductTest.VerifyKidsProduct" name="updateproduct" time="0.0">
    <ignored/>
  </testcase> <!-- updateproduct -->
</testsuite> <!-- ChromeTest -->
