<?xml version="1.0" encoding="UTF-8"?>
<testng-results ignored="0" total="2" passed="2" failed="0" skipped="0">
  <reporter-output>
    <line>
      <![CDATA[electronic product created]]>
    </line>
    <line>
      <![CDATA[kids product created]]>
    </line>
  </reporter-output>
  <suite started-at="2024-11-07T15:56:46 IST" name="RegresstionSuite" finished-at="2024-11-07T15:56:46 IST" duration-ms="58">
    <groups>
    </groups>
    <test started-at="2024-11-07T15:56:46 IST" name="ChromeTest" finished-at="2024-11-07T15:56:46 IST" duration-ms="58">
      <class name="com.Ecommerce.InstaSnap.ProductTest.VerifyKidsProduct">
        <test-method signature="createproduct()[pri:1, instance:com.Ecommerce.InstaSnap.ProductTest.VerifyKidsProduct@4659191b]" started-at="2024-11-07T15:56:46 IST" name="createproduct" finished-at="2024-11-07T15:56:46 IST" duration-ms="2" status="PASS">
          <reporter-output>
            <line>
              <![CDATA[kids product created]]>
            </line>
          </reporter-output>
        </test-method> <!-- createproduct -->
      </class> <!-- com.Ecommerce.InstaSnap.ProductTest.VerifyKidsProduct -->
      <class name="com.Ecommerce.InstaSnap.ProductTest.VerifyElectronicProduct">
        <test-method signature="createproduct()[pri:1, instance:com.Ecommerce.InstaSnap.ProductTest.VerifyElectronicProduct@290222c1]" started-at="2024-11-07T15:56:46 IST" name="createproduct" finished-at="2024-11-07T15:56:46 IST" duration-ms="7" status="PASS">
          <reporter-output>
            <line>
              <![CDATA[electronic product created]]>
            </line>
          </reporter-output>
        </test-method> <!-- createproduct -->
      </class> <!-- com.Ecommerce.InstaSnap.ProductTest.VerifyElectronicProduct -->
    </test> <!-- ChromeTest -->
  </suite> <!-- RegresstionSuite -->
</testng-results>
