<?xml version="1.0" encoding="UTF-8"?>
<testsuite xmlns:xsi="http://www.w3.org/2001/XMLSchema-instance" xsi:noNamespaceSchemaLocation="https://maven.apache.org/surefire/maven-surefire-plugin/xsd/surefire-test-report.xsd" version="3.0.2" name="TestSuite" time="0.705" tests="2" errors="0" skipped="0" failures="0">
  <properties>
[...]
</properties>
  <testcase name="createproduct" classname="com.Ecommerce.InstaSnap.ProductTest.VerifyElectronicProduct" time="0.007">
    <system-out><![CDATA[electronic product created
]]></system-out>
    <system-err><![CDATA[SLF4J(W): No SLF4J providers were found.
SLF4J(W): Defaulting to no-operation (NOP) logger implementation
SLF4J(W): See https://www.slf4j.org/codes.html#noProviders for further details.
]]></system-err>
  </testcase>
  <testcase name="createproduct" classname="com.Ecommerce.InstaSnap.ProductTest.VerifyKidsProduct" time="0.003">
    <system-out><![CDATA[kids product created
]]></system-out>
  </testcase>
</testsuite>