<?xml version="1.0" encoding="UTF-8"?>
<testng-results ignored="0" total="6" passed="6" failed="0" skipped="0">
  <reporter-output>
    <line>
      <![CDATA[Browser launched succesfully]]>
    </line>
    <line>
      <![CDATA[login  succesfully]]>
    </line>
    <line>
      <![CDATA[electronic product created]]>
    </line>
    <line>
      <![CDATA[logout  succesfully]]>
    </line>
    <line>
      <![CDATA[login  succesfully]]>
    </line>
    <line>
      <![CDATA[electronic product updated]]>
    </line>
    <line>
      <![CDATA[logout  succesfully]]>
    </line>
    <line>
      <![CDATA[login  succesfully]]>
    </line>
    <line>
      <![CDATA[electronic product updated]]>
    </line>
    <line>
      <![CDATA[logout  succesfully]]>
    </line>
    <line>
      <![CDATA[Browser closed succesfully]]>
    </line>
    <line>
      <![CDATA[Browser launched succesfully]]>
    </line>
    <line>
      <![CDATA[login  succesfully]]>
    </line>
    <line>
      <![CDATA[kids product created]]>
    </line>
    <line>
      <![CDATA[logout  succesfully]]>
    </line>
    <line>
      <![CDATA[login  succesfully]]>
    </line>
    <line>
      <![CDATA[kids product updated]]>
    </line>
    <line>
      <![CDATA[logout  succesfully]]>
    </line>
    <line>
      <![CDATA[login  succesfully]]>
    </line>
    <line>
      <![CDATA[kids product updated]]>
    </line>
    <line>
      <![CDATA[logout  succesfully]]>
    </line>
    <line>
      <![CDATA[Browser closed succesfully]]>
    </line>
  </reporter-output>
  <suite started-at="2024-11-07T16:40:58 IST" name="RegresstionSuite" finished-at="2024-11-07T16:40:59 IST" duration-ms="156">
    <groups>
    </groups>
    <test started-at="2024-11-07T16:40:58 IST" name="ChromeTest" finished-at="2024-11-07T16:40:59 IST" duration-ms="156">
      <class name="com.Ecommerce.InstaSnap.ProductTest.VerifyKidsProduct">
        <test-method is-config="true" signature="Login()[pri:0, instance:com.Ecommerce.InstaSnap.ProductTest.VerifyKidsProduct@3cebbb30]" started-at="2024-11-07T16:40:59 IST" name="Login" finished-at="2024-11-07T16:40:59 IST" duration-ms="1" status="PASS">
          <reporter-output>
            <line>
              <![CDATA[login  succesfully]]>
            </line>
          </reporter-output>
        </test-method> <!-- Login -->
        <test-method is-config="true" signature="Browsersetup()[pri:0, instance:com.Ecommerce.InstaSnap.ProductTest.VerifyKidsProduct@3cebbb30]" started-at="2024-11-07T16:40:59 IST" name="Browsersetup" finished-at="2024-11-07T16:40:59 IST" duration-ms="0" status="PASS">
          <reporter-output>
            <line>
              <![CDATA[Browser launched succesfully]]>
            </line>
          </reporter-output>
        </test-method> <!-- Browsersetup -->
        <test-method signature="createproduct()[pri:1, instance:com.Ecommerce.InstaSnap.ProductTest.VerifyKidsProduct@3cebbb30]" started-at="2024-11-07T16:40:59 IST" name="createproduct" finished-at="2024-11-07T16:40:59 IST" duration-ms="2" status="PASS">
          <reporter-output>
            <line>
              <![CDATA[kids product created]]>
            </line>
          </reporter-output>
        </test-method> <!-- createproduct -->
        <test-method is-config="true" signature="Logout()[pri:0, instance:com.Ecommerce.InstaSnap.ProductTest.VerifyKidsProduct@3cebbb30]" started-at="2024-11-07T16:40:59 IST" name="Logout" finished-at="2024-11-07T16:40:59 IST" duration-ms="0" status="PASS">
          <reporter-output>
            <line>
              <![CDATA[logout  succesfully]]>
            </line>
          </reporter-output>
        </test-method> <!-- Logout -->
        <test-method is-config="true" signature="Login()[pri:0, instance:com.Ecommerce.InstaSnap.ProductTest.VerifyKidsProduct@3cebbb30]" started-at="2024-11-07T16:40:59 IST" name="Login" finished-at="2024-11-07T16:40:59 IST" duration-ms="1" status="PASS">
          <reporter-output>
            <line>
              <![CDATA[login  succesfully]]>
            </line>
          </reporter-output>
        </test-method> <!-- Login -->
        <test-method signature="updateproduct()[pri:2, instance:com.Ecommerce.InstaSnap.ProductTest.VerifyKidsProduct@3cebbb30]" started-at="2024-11-07T16:40:59 IST" name="updateproduct" finished-at="2024-11-07T16:40:59 IST" depends-on-methods="com.Ecommerce.InstaSnap.ProductTest.VerifyKidsProduct.createproduct" duration-ms="3" status="PASS">
          <reporter-output>
            <line>
              <![CDATA[kids product updated]]>
            </line>
          </reporter-output>
        </test-method> <!-- updateproduct -->
        <test-method is-config="true" signature="Logout()[pri:0, instance:com.Ecommerce.InstaSnap.ProductTest.VerifyKidsProduct@3cebbb30]" started-at="2024-11-07T16:40:59 IST" name="Logout" finished-at="2024-11-07T16:40:59 IST" duration-ms="0" status="PASS">
          <reporter-output>
            <line>
              <![CDATA[logout  succesfully]]>
            </line>
          </reporter-output>
        </test-method> <!-- Logout -->
        <test-method is-config="true" signature="Login()[pri:0, instance:com.Ecommerce.InstaSnap.ProductTest.VerifyKidsProduct@3cebbb30]" started-at="2024-11-07T16:40:59 IST" name="Login" finished-at="2024-11-07T16:40:59 IST" duration-ms="1" status="PASS">
          <reporter-output>
            <line>
              <![CDATA[login  succesfully]]>
            </line>
          </reporter-output>
        </test-method> <!-- Login -->
        <test-method signature="updateproduct()[pri:2, instance:com.Ecommerce.InstaSnap.ProductTest.VerifyKidsProduct@3cebbb30]" started-at="2024-11-07T16:40:59 IST" name="updateproduct" finished-at="2024-11-07T16:40:59 IST" depends-on-methods="com.Ecommerce.InstaSnap.ProductTest.VerifyKidsProduct.createproduct" duration-ms="1" status="PASS">
          <reporter-output>
            <line>
              <![CDATA[kids product updated]]>
            </line>
          </reporter-output>
        </test-method> <!-- updateproduct -->
        <test-method is-config="true" signature="Logout()[pri:0, instance:com.Ecommerce.InstaSnap.ProductTest.VerifyKidsProduct@3cebbb30]" started-at="2024-11-07T16:40:59 IST" name="Logout" finished-at="2024-11-07T16:40:59 IST" duration-ms="1" status="PASS">
          <reporter-output>
            <line>
              <![CDATA[logout  succesfully]]>
            </line>
          </reporter-output>
        </test-method> <!-- Logout -->
        <test-method is-config="true" signature="Terminatebrowser()[pri:0, instance:com.Ecommerce.InstaSnap.ProductTest.VerifyKidsProduct@3cebbb30]" started-at="2024-11-07T16:40:59 IST" name="Terminatebrowser" finished-at="2024-11-07T16:40:59 IST" duration-ms="1" status="PASS">
          <reporter-output>
            <line>
              <![CDATA[Browser closed succesfully]]>
            </line>
          </reporter-output>
        </test-method> <!-- Terminatebrowser -->
      </class> <!-- com.Ecommerce.InstaSnap.ProductTest.VerifyKidsProduct -->
      <class name="com.Ecommerce.InstaSnap.ProductTest.VerifyElectronicProduct">
        <test-method is-config="true" signature="Browsersetup()[pri:0, instance:com.Ecommerce.InstaSnap.ProductTest.VerifyElectronicProduct@4dbb42b7]" started-at="2024-11-07T16:40:58 IST" name="Browsersetup" finished-at="2024-11-07T16:40:59 IST" duration-ms="16" status="PASS">
          <reporter-output>
            <line>
              <![CDATA[Browser launched succesfully]]>
            </line>
          </reporter-output>
        </test-method> <!-- Browsersetup -->
        <test-method is-config="true" signature="Login()[pri:0, instance:com.Ecommerce.InstaSnap.ProductTest.VerifyElectronicProduct@4dbb42b7]" started-at="2024-11-07T16:40:59 IST" name="Login" finished-at="2024-11-07T16:40:59 IST" duration-ms="0" status="PASS">
          <reporter-output>
            <line>
              <![CDATA[login  succesfully]]>
            </line>
          </reporter-output>
        </test-method> <!-- Login -->
        <test-method signature="createproduct()[pri:1, instance:com.Ecommerce.InstaSnap.ProductTest.VerifyElectronicProduct@4dbb42b7]" started-at="2024-11-07T16:40:59 IST" name="createproduct" finished-at="2024-11-07T16:40:59 IST" duration-ms="23" status="PASS">
          <reporter-output>
            <line>
              <![CDATA[electronic product created]]>
            </line>
          </reporter-output>
        </test-method> <!-- createproduct -->
        <test-method is-config="true" signature="Logout()[pri:0, instance:com.Ecommerce.InstaSnap.ProductTest.VerifyElectronicProduct@4dbb42b7]" started-at="2024-11-07T16:40:59 IST" name="Logout" finished-at="2024-11-07T16:40:59 IST" duration-ms="1" status="PASS">
          <reporter-output>
            <line>
              <![CDATA[logout  succesfully]]>
            </line>
          </reporter-output>
        </test-method> <!-- Logout -->
        <test-method is-config="true" signature="Login()[pri:0, instance:com.Ecommerce.InstaSnap.ProductTest.VerifyElectronicProduct@4dbb42b7]" started-at="2024-11-07T16:40:59 IST" name="Login" finished-at="2024-11-07T16:40:59 IST" duration-ms="0" status="PASS">
          <reporter-output>
            <line>
              <![CDATA[login  succesfully]]>
            </line>
          </reporter-output>
        </test-method> <!-- Login -->
        <test-method signature="updateproduct()[pri:2, instance:com.Ecommerce.InstaSnap.ProductTest.VerifyElectronicProduct@4dbb42b7]" started-at="2024-11-07T16:40:59 IST" name="updateproduct" finished-at="2024-11-07T16:40:59 IST" depends-on-methods="com.Ecommerce.InstaSnap.ProductTest.VerifyElectronicProduct.createproduct" duration-ms="2" status="PASS">
          <reporter-output>
            <line>
              <![CDATA[electronic product updated]]>
            </line>
          </reporter-output>
        </test-method> <!-- updateproduct -->
        <test-method is-config="true" signature="Logout()[pri:0, instance:com.Ecommerce.InstaSnap.ProductTest.VerifyElectronicProduct@4dbb42b7]" started-at="2024-11-07T16:40:59 IST" name="Logout" finished-at="2024-11-07T16:40:59 IST" duration-ms="0" status="PASS">
          <reporter-output>
            <line>
              <![CDATA[logout  succesfully]]>
            </line>
          </reporter-output>
        </test-method> <!-- Logout -->
        <test-method signature="updateproduct()[pri:2, instance:com.Ecommerce.InstaSnap.ProductTest.VerifyElectronicProduct@4dbb42b7]" started-at="2024-11-07T16:40:59 IST" name="updateproduct" finished-at="2024-11-07T16:40:59 IST" depends-on-methods="com.Ecommerce.InstaSnap.ProductTest.VerifyElectronicProduct.createproduct" duration-ms="4" status="PASS">
          <reporter-output>
            <line>
              <![CDATA[electronic product updated]]>
            </line>
          </reporter-output>
        </test-method> <!-- updateproduct -->
        <test-method is-config="true" signature="Login()[pri:0, instance:com.Ecommerce.InstaSnap.ProductTest.VerifyElectronicProduct@4dbb42b7]" started-at="2024-11-07T16:40:59 IST" name="Login" finished-at="2024-11-07T16:40:59 IST" duration-ms="0" status="PASS">
          <reporter-output>
            <line>
              <![CDATA[login  succesfully]]>
            </line>
          </reporter-output>
        </test-method> <!-- Login -->
        <test-method is-config="true" signature="Logout()[pri:0, instance:com.Ecommerce.InstaSnap.ProductTest.VerifyElectronicProduct@4dbb42b7]" started-at="2024-11-07T16:40:59 IST" name="Logout" finished-at="2024-11-07T16:40:59 IST" duration-ms="2" status="PASS">
          <reporter-output>
            <line>
              <![CDATA[logout  succesfully]]>
            </line>
          </reporter-output>
        </test-method> <!-- Logout -->
        <test-method is-config="true" signature="Terminatebrowser()[pri:0, instance:com.Ecommerce.InstaSnap.ProductTest.VerifyElectronicProduct@4dbb42b7]" started-at="2024-11-07T16:40:59 IST" name="Terminatebrowser" finished-at="2024-11-07T16:40:59 IST" duration-ms="1" status="PASS">
          <reporter-output>
            <line>
              <![CDATA[Browser closed succesfully]]>
            </line>
          </reporter-output>
        </test-method> <!-- Terminatebrowser -->
      </class> <!-- com.Ecommerce.InstaSnap.ProductTest.VerifyElectronicProduct -->
    </test> <!-- ChromeTest -->
  </suite> <!-- RegresstionSuite -->
</testng-results>
